\BOOKMARK [1][-]{section.1}{\376\377\000I\000n\000t\000r\000o\000d\000u\000c\000t\000i\000o\000n}{}% 1
\BOOKMARK [1][-]{section.2}{\376\377\000P\000u\000r\000p\000o\000s\000e\000\040\000o\000f\000\040\000t\000h\000e\000\040\000p\000r\000o\000j\000e\000c\000t}{}% 2
\BOOKMARK [1][-]{section.3}{\376\377\000R\000e\000q\000u\000i\000r\000e\000m\000e\000n\000t\000\040\000s\000p\000e\000c\000i\000f\000i\000c\000a\000t\000i\000o\000n}{}% 3
\BOOKMARK [2][-]{subsection.3.1}{\376\377\000U\000s\000e\000r\000\040\000r\000e\000q\000u\000i\000r\000e\000m\000e\000n\000t\000s\000.\000\040\000U\000s\000e\000\040\000c\000a\000s\000e\000\040\000d\000i\000a\000g\000r\000a\000m}{section.3}% 4
\BOOKMARK [2][-]{subsection.3.2}{\376\377\000D\000e\000s\000i\000g\000n\000\040\000o\000f\000\040\000t\000h\000e\000\040\000w\000e\000b\000s\000i\000t\000e}{section.3}% 5
\BOOKMARK [3][-]{subsubsection.3.2.1}{\376\377\000A\000u\000t\000h\000e\000n\000t\000i\000f\000i\000c\000a\000t\000i\000o\000n}{subsection.3.2}% 6
\BOOKMARK [3][-]{subsubsection.3.2.2}{\376\377\000A\000c\000c\000e\000s\000s\000i\000n\000g\000\040\000c\000o\000n\000t\000e\000n\000t}{subsection.3.2}% 7
\BOOKMARK [3][-]{subsubsection.3.2.3}{\376\377\000P\000r\000o\000f\000i\000l\000e\000\040\000s\000e\000t\000t\000i\000n\000g\000s}{subsection.3.2}% 8
\BOOKMARK [3][-]{subsubsection.3.2.4}{\376\377\000P\000o\000s\000t\000i\000n\000g\000\040\000t\000o\000\040\000t\000h\000e\000\040\000F\000o\000r\000u\000m}{subsection.3.2}% 9
\BOOKMARK [3][-]{subsubsection.3.2.5}{\376\377\000S\000p\000e\000c\000i\000f\000y\000i\000n\000g\000\040\000b\000y\000\040\000r\000o\000l\000e\000s}{subsection.3.2}% 10
\BOOKMARK [2][-]{subsection.3.3}{\376\377\000S\000y\000s\000t\000e\000m\000\040\000r\000e\000q\000u\000i\000r\000e\000m\000e\000n\000t\000s}{section.3}% 11
\BOOKMARK [3][-]{subsubsection.3.3.1}{\376\377\000F\000u\000n\000c\000t\000i\000o\000n\000a\000l}{subsection.3.3}% 12
\BOOKMARK [3][-]{subsubsection.3.3.2}{\376\377\000N\000o\000n\000-\000F\000u\000n\000c\000t\000i\000o\000n\000a\000l\000\040\000R\000e\000q\000u\000i\000r\000e\000m\000e\000n\000t\000s}{subsection.3.3}% 13
\BOOKMARK [1][-]{section.4}{\376\377\000P\000l\000a\000n\000n\000i\000n\000g}{}% 14
\BOOKMARK [2][-]{subsection.4.1}{\376\377\000B\000r\000a\000i\000n\000s\000t\000o\000r\000m\000i\000n\000g}{section.4}% 15
\BOOKMARK [2][-]{subsection.4.2}{\376\377\000A\000r\000c\000h\000i\000t\000e\000c\000t\000u\000r\000e}{section.4}% 16
\BOOKMARK [3][-]{subsubsection.4.2.1}{\376\377\000D\000a\000t\000a\000b\000a\000s\000e}{subsection.4.2}% 17
\BOOKMARK [3][-]{subsubsection.4.2.2}{\376\377\000B\000a\000c\000k\000e\000n\000d}{subsection.4.2}% 18
\BOOKMARK [3][-]{subsubsection.4.2.3}{\376\377\000F\000r\000o\000n\000t\000e\000n\000d}{subsection.4.2}% 19
\BOOKMARK [3][-]{subsubsection.4.2.4}{\376\377\000D\000o\000c\000u\000m\000e\000n\000t\000a\000t\000i\000o\000n\000\040\000G\000e\000n\000e\000r\000a\000t\000i\000o\000n}{subsection.4.2}% 20
\BOOKMARK [3][-]{subsubsection.4.2.5}{\376\377\000D\000o\000c\000k\000e\000r\000i\000z\000i\000n\000g\000\040\000t\000h\000e\000\040\000a\000r\000c\000h\000i\000t\000e\000c\000t\000u\000r\000e}{subsection.4.2}% 21
\BOOKMARK [2][-]{subsection.4.3}{\376\377\000C\000o\000n\000v\000e\000n\000t\000i\000o\000n\000s}{section.4}% 22
\BOOKMARK [3][-]{subsubsection.4.3.1}{\376\377\000V\000a\000r\000i\000a\000b\000l\000e\000\040\000N\000a\000m\000i\000n\000g\000\040\000C\000o\000n\000v\000e\000n\000t\000i\000o\000n\000s}{subsection.4.3}% 23
\BOOKMARK [3][-]{subsubsection.4.3.2}{\376\377\000S\000p\000r\000i\000n\000t\000\040\000a\000n\000d\000\040\000T\000a\000s\000k\000\040\000M\000a\000n\000a\000g\000e\000m\000e\000n\000t}{subsection.4.3}% 24
\BOOKMARK [2][-]{subsection.4.4}{\376\377\000S\000y\000s\000t\000e\000m\000\040\000O\000v\000e\000r\000v\000i\000e\000w\000:\000\040\000U\000M\000L\000,\000\040\000B\000a\000c\000k\000e\000n\000d\000\040\000M\000o\000d\000u\000l\000e\000s\000,\000\040\000a\000n\000d\000\040\000P\000e\000r\000s\000o\000n\000a\000s}{section.4}% 25
\BOOKMARK [2][-]{subsection.4.5}{\376\377\000W\000i\000r\000e\000f\000r\000a\000m\000e\000\040\000a\000n\000d\000\040\000D\000e\000s\000i\000g\000n\000\040\000\050\000U\000X\000\040\000\046\000\040\000U\000I\000\051}{section.4}% 26
\BOOKMARK [3][-]{subsubsection.4.5.1}{\376\377\000W\000i\000r\000e\000f\000r\000a\000m\000e}{subsection.4.5}% 27
\BOOKMARK [3][-]{subsubsection.4.5.2}{\376\377\000D\000e\000s\000i\000g\000n}{subsection.4.5}% 28
\BOOKMARK [2][-]{subsection.4.6}{\376\377\000D\000a\000t\000a\000b\000a\000s\000e\000\040\000p\000l\000a\000n}{section.4}% 29
\BOOKMARK [2][-]{subsection.4.7}{\376\377\000L\000e\000a\000n\000\040\000M\000e\000t\000o\000d\000o\000l\000o\000g\000y\000\040\000a\000n\000d\000\040\000S\000p\000r\000i\000n\000t\000\040\000M\000a\000n\000a\000g\000m\000e\000n\000t\000\040\000w\000i\000t\000h\000\040\000T\000r\000e\000l\000l\000o}{section.4}% 30
\BOOKMARK [2][-]{subsection.4.8}{\376\377\000T\000a\000s\000k\000\040\000M\000a\000n\000a\000g\000m\000e\000n\000t\000\040\000w\000i\000t\000h\000\040\000G\000i\000t\000h\000u\000b\000\040\000i\000s\000s\000u\000e\000s}{section.4}% 31
\BOOKMARK [2][-]{subsection.4.9}{\376\377\000V\000e\000r\000s\000i\000o\000n\000\040\000C\000o\000n\000t\000r\000o\000l\000\040\000w\000i\000t\000h\000\040\000G\000i\000t\000h\000u\000b}{section.4}% 32
\BOOKMARK [3][-]{subsubsection.4.9.1}{\376\377\000G\000i\000t\000\040\000a\000n\000d\000\040\000G\000i\000t\000H\000u\000b\000\040\000I\000n\000t\000e\000g\000r\000a\000t\000i\000o\000n}{subsection.4.9}% 33
\BOOKMARK [3][-]{subsubsection.4.9.2}{\376\377\000F\000e\000a\000t\000u\000r\000e\000\040\000B\000r\000a\000n\000c\000h\000\040\000W\000o\000r\000k\000f\000l\000o\000w}{subsection.4.9}% 34
\BOOKMARK [3][-]{subsubsection.4.9.3}{\376\377\000S\000e\000a\000m\000l\000e\000s\000s\000\040\000C\000o\000l\000l\000a\000b\000o\000r\000a\000t\000i\000o\000n}{subsection.4.9}% 35
\BOOKMARK [3][-]{subsubsection.4.9.4}{\376\377\000C\000o\000m\000m\000i\000t\000t\000i\000n\000g\000\040\000t\000o\000\040\000B\000e\000s\000t\000\040\000P\000r\000a\000c\000t\000i\000c\000e\000s}{subsection.4.9}% 36
\BOOKMARK [1][-]{section.5}{\376\377\000D\000e\000v\000e\000l\000o\000p\000m\000e\000n\000t\000\040\000T\000o\000o\000l\000s}{}% 37
\BOOKMARK [2][-]{subsection.5.1}{\376\377\000P\000r\000o\000g\000r\000a\000m\000m\000i\000n\000g\000\040\000L\000a\000n\000g\000u\000a\000g\000e\000s\000\040\000a\000n\000d\000\040\000F\000r\000a\000m\000e\000w\000o\000r\000k\000s}{section.5}% 38
\BOOKMARK [2][-]{subsection.5.2}{\376\377\000V\000e\000r\000s\000i\000o\000n\000\040\000C\000o\000n\000t\000r\000o\000l}{section.5}% 39
\BOOKMARK [2][-]{subsection.5.3}{\376\377\000P\000r\000o\000j\000e\000c\000t\000\040\000M\000a\000n\000a\000g\000e\000m\000e\000n\000t\000\040\000T\000o\000o\000l\000s}{section.5}% 40
\BOOKMARK [2][-]{subsection.5.4}{\376\377\000C\000o\000l\000l\000a\000b\000o\000r\000a\000t\000i\000o\000n\000\040\000a\000n\000d\000\040\000C\000o\000m\000m\000u\000n\000i\000c\000a\000t\000i\000o\000n\000\040\000T\000o\000o\000l\000s}{section.5}% 41
\BOOKMARK [2][-]{subsection.5.5}{\376\377\000D\000a\000t\000a\000b\000a\000s\000e\000\040\000M\000a\000n\000a\000g\000e\000m\000e\000n\000t}{section.5}% 42
\BOOKMARK [2][-]{subsection.5.6}{\376\377\000U\000X\000/\000U\000I\000\040\000D\000e\000s\000i\000g\000n\000\040\000T\000o\000o\000l\000s}{section.5}% 43
\BOOKMARK [2][-]{subsection.5.7}{\376\377\000C\000o\000d\000e\000\040\000E\000d\000i\000t\000o\000r\000s\000/\000I\000D\000E\000s}{section.5}% 44
\BOOKMARK [2][-]{subsection.5.8}{\376\377\000T\000e\000s\000t\000i\000n\000g\000\040\000a\000n\000d\000\040\000Q\000u\000a\000l\000i\000t\000y\000\040\000A\000s\000s\000u\000r\000a\000n\000c\000e\000\040\000T\000o\000o\000l\000s}{section.5}% 45
\BOOKMARK [2][-]{subsection.5.9}{\376\377\000O\000t\000h\000e\000r\000\040\000T\000o\000o\000l\000s}{section.5}% 46
\BOOKMARK [1][-]{section.6}{\376\377\000T\000h\000e\000\040\000a\000p\000p\000l\000i\000c\000a\000t\000i\000o\000n\000\040\000i\000n\000\040\000a\000c\000t\000i\000o\000n}{}% 47
\BOOKMARK [2][-]{subsection.6.1}{\376\377\000U\000I\000\040\000-\000\040\000r\000e\000a\000l\000i\000z\000a\000t\000i\000o\000n}{section.6}% 48
\BOOKMARK [1][-]{section.7}{\376\377\000S\000u\000m\000m\000a\000r\000y}{}% 49
\BOOKMARK [2][-]{subsection.7.1}{\376\377\000F\000u\000t\000u\000r\000e\000\040\000i\000m\000p\000r\000o\000v\000e\000m\000e\000n\000t\000s}{section.7}% 50
